This is pdfTeX, Version 3.141592653-2.6-1.40.25 (TeX Live 2023) (preloaded format=pdflatex 2024.2.21)  29 FEB 2024 14:40
entering extended mode
 restricted \write18 enabled.
 file:line:error style messages enabled.
 %&-line parsing enabled.
**/Users/marcusciobanu/Desktop/europaFitness/docs/nea.tex
(/Users/marcusciobanu/Desktop/europaFitness/docs/nea.tex
LaTeX2e <2022-11-01> patch level 1
L3 programming layer <2023-02-22> (/usr/local/texlive/2023/texmf-dist/tex/latex/base/article.cls
Document Class: article 2022/07/02 v1.4n Standard LaTeX document class
(/usr/local/texlive/2023/texmf-dist/tex/latex/base/size10.clo
File: size10.clo 2022/07/02 v1.4n Standard LaTeX file (size option)
)
\c@part=\count185
\c@section=\count186
\c@subsection=\count187
\c@subsubsection=\count188
\c@paragraph=\count189
\c@subparagraph=\count190
\c@figure=\count191
\c@table=\count192
\abovecaptionskip=\skip48
\belowcaptionskip=\skip49
\bibindent=\dimen140
) (/usr/local/texlive/2023/texmf-dist/tex/latex/listings/listings.sty (/usr/local/texlive/2023/texmf-dist/tex/latex/graphics/keyval.sty
Package: keyval 2022/05/29 v1.15 key=value parser (DPC)
\KV@toks@=\toks16
)
\lst@mode=\count193
\lst@gtempboxa=\box51
\lst@token=\toks17
\lst@length=\count194
\lst@currlwidth=\dimen141
\lst@column=\count195
\lst@pos=\count196
\lst@lostspace=\dimen142
\lst@width=\dimen143
\lst@newlines=\count197
\lst@lineno=\count198
\lst@maxwidth=\dimen144
 (/usr/local/texlive/2023/texmf-dist/tex/latex/listings/lstmisc.sty
File: lstmisc.sty 2023/02/27 1.9 (Carsten Heinz)
\c@lstnumber=\count199
\lst@skipnumbers=\count266
\lst@framebox=\box52
) (/usr/local/texlive/2023/texmf-dist/tex/latex/listings/listings.cfg
File: listings.cfg 2023/02/27 1.9 listings configuration
))
Package: listings 2023/02/27 1.9 (Carsten Heinz)
 (/usr/local/texlive/2023/texmf-dist/tex/latex/graphics/color.sty
Package: color 2022/01/06 v1.3d Standard LaTeX Color (DPC)
 (/usr/local/texlive/2023/texmf-dist/tex/latex/graphics-cfg/color.cfg
File: color.cfg 2016/01/02 v1.6 sample color configuration
)
Package color Info: Driver file: pdftex.def on input line 149.
 (/usr/local/texlive/2023/texmf-dist/tex/latex/graphics-def/pdftex.def
File: pdftex.def 2022/09/22 v1.2b Graphics/color driver for pdftex
) (/usr/local/texlive/2023/texmf-dist/tex/latex/graphics/mathcolor.ltx)) (/usr/local/texlive/2023/texmf-dist/tex/latex/url/url.sty
\Urlmuskip=\muskip16
Package: url 2013/09/16  ver 3.4  Verb mode for urls, etc.
) (/usr/local/texlive/2023/texmf-dist/tex/latex/graphics/graphicx.sty
Package: graphicx 2021/09/16 v1.2d Enhanced LaTeX Graphics (DPC,SPQR)
 (/usr/local/texlive/2023/texmf-dist/tex/latex/graphics/graphics.sty
Package: graphics 2022/03/10 v1.4e Standard LaTeX Graphics (DPC,SPQR)
 (/usr/local/texlive/2023/texmf-dist/tex/latex/graphics/trig.sty
Package: trig 2021/08/11 v1.11 sin cos tan (DPC)
) (/usr/local/texlive/2023/texmf-dist/tex/latex/graphics-cfg/graphics.cfg
File: graphics.cfg 2016/06/04 v1.11 sample graphics configuration
)
Package graphics Info: Driver file: pdftex.def on input line 107.
)
\Gin@req@height=\dimen145
\Gin@req@width=\dimen146
) (/usr/local/texlive/2023/texmf-dist/tex/latex/titlesec/titlesec.sty
Package: titlesec 2021/07/05 v2.14 Sectioning titles
\ttl@box=\box53
\beforetitleunit=\skip50
\aftertitleunit=\skip51
\ttl@plus=\dimen147
\ttl@minus=\dimen148
\ttl@toksa=\toks18
\titlewidth=\dimen149
\titlewidthlast=\dimen150
\titlewidthfirst=\dimen151
) (/usr/local/texlive/2023/texmf-dist/tex/latex/wrapfig/wrapfig.sty
\wrapoverhang=\dimen152
\WF@size=\dimen153
\c@WF@wrappedlines=\count267
\WF@box=\box54
\WF@everypar=\toks19
Package: wrapfig 2003/01/31  v 3.6
) (/usr/local/texlive/2023/texmf-dist/tex/latex/tools/tabularx.sty
Package: tabularx 2020/01/15 v2.11c `tabularx' package (DPC)
 (/usr/local/texlive/2023/texmf-dist/tex/latex/tools/array.sty
Package: array 2022/09/04 v2.5g Tabular extension package (FMi)
\col@sep=\dimen154
\ar@mcellbox=\box55
\extrarowheight=\dimen155
\NC@list=\toks20
\extratabsurround=\skip52
\backup@length=\skip53
\ar@cellbox=\box56
)
\TX@col@width=\dimen156
\TX@old@table=\dimen157
\TX@old@col=\dimen158
\TX@target=\dimen159
\TX@delta=\dimen160
\TX@cols=\count268
\TX@ftn=\toks21
) (/usr/local/texlive/2023/texmf-dist/tex/generic/dirtree/dirtree.sty
Package: dirtree 2012/12/11 v0.32 package wrapper for dirtree
 (/usr/local/texlive/2023/texmf-dist/tex/generic/dirtree/dirtree.tex `dirtree' v0.32, 2012/12/11 (jcc)
\DT@offset=\dimen161
\DT@width=\dimen162
\DT@sep=\dimen163
\DT@all=\dimen164
\DT@rulewidth=\dimen165
\DT@dotwidth=\dimen166
\DTbaselineskip=\dimen167
\DT@counti=\count269
\DT@countii=\count270
\DT@countiii=\count271
\DT@countiv=\count272
\DT@indent=\dimen168
\DT@parskip=\dimen169
\DT@baselineskip=\dimen170
)
File: dirtree.tex 2012/12/11 v0.32 `dirtree' (jcc)
) (/usr/local/texlive/2023/texmf-dist/tex/latex/xcolor/xcolor.sty
Package: xcolor 2022/06/12 v2.14 LaTeX color extensions (UK)
 (/usr/local/texlive/2023/texmf-dist/tex/latex/graphics-cfg/color.cfg
File: color.cfg 2016/01/02 v1.6 sample color configuration
)
Package xcolor Info: Driver file: pdftex.def on input line 227.
LaTeX Info: Redefining \color on input line 711.
 (/usr/local/texlive/2023/texmf-dist/tex/latex/graphics/mathcolor.ltx)
Package xcolor Info: Model `cmy' substituted by `cmy0' on input line 1353.
Package xcolor Info: Model `hsb' substituted by `rgb' on input line 1357.
Package xcolor Info: Model `RGB' extended on input line 1369.
Package xcolor Info: Model `HTML' substituted by `rgb' on input line 1371.
Package xcolor Info: Model `Hsb' substituted by `hsb' on input line 1372.
Package xcolor Info: Model `tHsb' substituted by `hsb' on input line 1373.
Package xcolor Info: Model `HSB' substituted by `hsb' on input line 1374.
Package xcolor Info: Model `Gray' substituted by `gray' on input line 1375.
Package xcolor Info: Model `wave' substituted by `hsb' on input line 1376.
) (/usr/local/texlive/2023/texmf-dist/tex/latex/floatrow/floatrow.sty
Package: floatrow 2008/08/02 v0.3b floatrow: float package extension
 (/usr/local/texlive/2023/texmf-dist/tex/latex/caption/caption3.sty
Package: caption3 2023/03/12 v2.4 caption3 kernel (AR)
\caption@tempdima=\dimen171
\captionmargin=\dimen172
\caption@leftmargin=\dimen173
\caption@rightmargin=\dimen174
\caption@width=\dimen175
\caption@indent=\dimen176
\caption@parindent=\dimen177
\caption@hangindent=\dimen178
Package caption Info: Standard document class detected.
)
\c@float@type=\count273
\float@exts=\toks22
\float@box=\box57
\@floatcapt=\box58
Package floatrow Info: Modified float package code loaded on input line 455.
Package floatrow Info: Modified rotfloat package code loaded on input line 473.
\FR@everyfloat=\toks23
\flrow@foot=\insert252
\FB@wd=\dimen179
\FBo@wd=\dimen180
\FBc@wd=\dimen181
\FBo@ht=\skip54
\FBc@ht=\skip55
\FBf@ht=\skip56
\FBo@max=\skip57
\FBc@max=\skip58
\FBf@max=\skip59
\c@FBl@b=\count274
\floatbox@depth=\count275
\c@FRobj=\count276
\c@FRsobj=\count277
\Xhsize=\skip60
\sXhsize=\skip61
\Zhsize=\skip62
\sZhsize=\skip63
\flrow@rowbox=\box59
\FR@Zunitlength=\dimen182
\c@FBcnt=\count278
\FPOScnt=\count279
\LTleft=\skip64
\LTright=\skip65
\LTleft=\skip66
\LTright=\skip67
\flrow@types=\toks24
) (/usr/local/texlive/2023/texmf-dist/tex/latex/listings/lstlang1.sty
File: lstlang1.sty 2023/02/27 1.9 listings language file
) (/usr/local/texlive/2023/texmf-dist/tex/latex/listings/lstmisc.sty
File: lstmisc.sty 2023/02/27 1.9 (Carsten Heinz)
) (/usr/local/texlive/2023/texmf-dist/tex/latex/l3backend/l3backend-pdftex.def
File: l3backend-pdftex.def 2023-01-16 L3 backend support: PDF output (pdfTeX)
\l__color_backend_stack_int=\count280
\l__pdf_internal_box=\box60
) (./nea.aux)
\openout1 = `nea.aux'.

LaTeX Font Info:    Checking defaults for OML/cmm/m/it on input line 50.
LaTeX Font Info:    ... okay on input line 50.
LaTeX Font Info:    Checking defaults for OMS/cmsy/m/n on input line 50.
LaTeX Font Info:    ... okay on input line 50.
LaTeX Font Info:    Checking defaults for OT1/cmr/m/n on input line 50.
LaTeX Font Info:    ... okay on input line 50.
LaTeX Font Info:    Checking defaults for T1/cmr/m/n on input line 50.
LaTeX Font Info:    ... okay on input line 50.
LaTeX Font Info:    Checking defaults for TS1/cmr/m/n on input line 50.
LaTeX Font Info:    ... okay on input line 50.
LaTeX Font Info:    Checking defaults for OMX/cmex/m/n on input line 50.
LaTeX Font Info:    ... okay on input line 50.
LaTeX Font Info:    Checking defaults for U/cmr/m/n on input line 50.
LaTeX Font Info:    ... okay on input line 50.
\c@lstlisting=\count281
 (/usr/local/texlive/2023/texmf-dist/tex/context/base/mkii/supp-pdf.mkii
[Loading MPS to PDF converter (version 2006.09.02).]
\scratchcounter=\count282
\scratchdimen=\dimen183
\scratchbox=\box61
\nofMPsegments=\count283
\nofMParguments=\count284
\everyMPshowfont=\toks25
\MPscratchCnt=\count285
\MPscratchDim=\dimen184
\MPnumerator=\count286
\makeMPintoPDFobject=\count287
\everyMPtoPDFconversion=\toks26
) (/usr/local/texlive/2023/texmf-dist/tex/latex/epstopdf-pkg/epstopdf-base.sty
Package: epstopdf-base 2020-01-24 v2.11 Base part for package epstopdf
Package epstopdf-base Info: Redefining graphics rule for `.eps' on input line 485.
 (/usr/local/texlive/2023/texmf-dist/tex/latex/latexconfig/epstopdf-sys.cfg
File: epstopdf-sys.cfg 2010/07/13 v1.3 Configuration of (r)epstopdf for TeX Live
))
Package caption Info: Begin \AtBeginDocument code.
Package caption Info: End \AtBeginDocument code.
LaTeX Font Info:    External font `cmex10' loaded for size
(Font)              <12> on input line 52.
LaTeX Font Info:    External font `cmex10' loaded for size
(Font)              <8> on input line 52.
LaTeX Font Info:    External font `cmex10' loaded for size
(Font)              <6> on input line 52.
 [1

{/usr/local/texlive/2023/texmf-var/fonts/map/pdftex/updmap/pdftex.map}] (./nea.toc
LaTeX Font Info:    External font `cmex10' loaded for size
(Font)              <7> on input line 3.
LaTeX Font Info:    External font `cmex10' loaded for size
(Font)              <5> on input line 3.
)
\tf@toc=\write3
\openout3 = `nea.toc'.

 [2]
Overfull \hbox (27.49701pt too wide) in paragraph at lines 62--63
\OT1/cmtt/m/n/10 https : / / developer . mozilla . org / en-[]US / docs / Learn / Server-[]side / Django /
 []

[3{/usr/local/texlive/2023/texmf-dist/fonts/enc/dvips/cm-super/cm-super-ts1.enc}]
<Figure 1.png, id=19, 720.6925pt x 468.75125pt>
File: Figure 1.png Graphic file (type png)
<use Figure 1.png>
Package pdftex.def Info: Figure 1.png  used on input line 74.
(pdftex.def)             Requested size: 345.0pt x 224.39006pt.
 [4 <./Figure 1.png>] [5] [6]
<Figure 2.png, id=31, 121.45375pt x 419.5675pt>
File: Figure 2.png Graphic file (type png)
<use Figure 2.png>
Package pdftex.def Info: Figure 2.png  used on input line 105.
(pdftex.def)             Requested size: 13.79958pt x 47.66985pt.
 [7 <./Figure 2.png>]
<Figure 3.png, id=37, 689.57625pt x 294.09875pt>
File: Figure 3.png Graphic file (type png)
<use Figure 3.png>
Package pdftex.def Info: Figure 3.png  used on input line 127.
(pdftex.def)             Requested size: 345.0pt x 147.13875pt.
 [8 <./Figure 3.png>]
<Figure 4.png, id=42, 219.82124pt x 438.63875pt>
File: Figure 4.png Graphic file (type png)
<use Figure 4.png>
Package pdftex.def Info: Figure 4.png  used on input line 145.
(pdftex.def)             Requested size: 137.9979pt x 275.37337pt.
 [9 <./Figure 4.png>]
<Figure 5.png, id=47, 227.85126pt x 452.69125pt>
File: Figure 5.png Graphic file (type png)
<use Figure 5.png>
Package pdftex.def Info: Figure 5.png  used on input line 159.
(pdftex.def)             Requested size: 137.9979pt x 274.17952pt.
 [10 <./Figure 5.png>]
<Figure 6.png, id=52, 224.84pt x 443.6575pt>
File: Figure 6.png Graphic file (type png)
<use Figure 6.png>
Package pdftex.def Info: Figure 6.png  used on input line 172.
(pdftex.def)             Requested size: 137.9979pt x 272.30954pt.
 [11 <./Figure 6.png>]
<Figure 7.png, id=57, 230.8625pt x 452.69125pt>
File: Figure 7.png Graphic file (type png)
<use Figure 7.png>
Package pdftex.def Info: Figure 7.png  used on input line 190.
(pdftex.def)             Requested size: 137.9979pt x 270.59453pt.
 [12 <./Figure 7.png>]
<Figure 8.png, id=62, 226.8475pt x 449.68pt>
File: Figure 8.png Graphic file (type png)
<use Figure 8.png>
Package pdftex.def Info: Figure 8.png  used on input line 209.
(pdftex.def)             Requested size: 137.9979pt x 273.55649pt.
 [13 <./Figure 8.png>]
<Figure 9.png, id=68, 226.8475pt x 415.5525pt>
File: Figure 9.png Graphic file (type png)
<use Figure 9.png>
Package pdftex.def Info: Figure 9.png  used on input line 219.
(pdftex.def)             Requested size: 137.9979pt x 252.7955pt.
 [14 <./Figure 9.png>] [15]
<Figure 10.png, id=76, 617.30624pt x 363.3575pt>
File: Figure 10.png Graphic file (type png)
<use Figure 10.png>
Package pdftex.def Info: Figure 10.png  used on input line 275.
(pdftex.def)             Requested size: 345.0pt x 203.0796pt.
 [16] [17 <./Figure 10.png>] [18] [19]
<Figure 11.png, id=91, 695.59875pt x 493.845pt>
File: Figure 11.png Graphic file (type png)
<use Figure 11.png>
Package pdftex.def Info: Figure 11.png  used on input line 383.
(pdftex.def)             Requested size: 345.0pt x 244.93253pt.
 [20] [21 <./Figure 11.png>]
<Figure 12.png, id=99, 920.43875pt x 435.6275pt>
File: Figure 12.png Graphic file (type png)
<use Figure 12.png>
Package pdftex.def Info: Figure 12.png  used on input line 403.
(pdftex.def)             Requested size: 345.0pt x 163.28679pt.
 [22 <./Figure 12.png>] [23]
LaTeX Font Info:    Font shape `OT1/cmtt/bx/n' in size <9> not available
(Font)              Font shape `OT1/cmtt/m/n' tried instead on input line 468.
 [24] [25] [26]
<Figure 13.jpeg, id=119, 2197.20876pt x 1259.70625pt>
File: Figure 13.jpeg Graphic file (type jpg)
<use Figure 13.jpeg>
Package pdftex.def Info: Figure 13.jpeg  used on input line 584.
(pdftex.def)             Requested size: 345.0pt x 197.78969pt.
<Figure 14.jpeg, id=120, 2135.98pt x 1295.84125pt>
File: Figure 14.jpeg Graphic file (type jpg)
<use Figure 14.jpeg>
Package pdftex.def Info: Figure 14.jpeg  used on input line 590.
(pdftex.def)             Requested size: 345.0pt x 209.29636pt.
<Figure 15.jpeg, id=121, 2034.60126pt x 1325.95375pt>
File: Figure 15.jpeg Graphic file (type jpg)
<use Figure 15.jpeg>
Package pdftex.def Info: Figure 15.jpeg  used on input line 596.
(pdftex.def)             Requested size: 345.0pt x 224.82242pt.
 [27 <./Figure 13.jpeg>] [28 <./Figure 14.jpeg> <./Figure 15.jpeg>] [29] [30] [31] [32] [33] [34] [35] [36] [37] [38] [39] [40] [41]
<Figure 16.png, id=170, 310.15875pt x 304.13625pt>
File: Figure 16.png Graphic file (type png)
<use Figure 16.png>
Package pdftex.def Info: Figure 16.png  used on input line 1219.
(pdftex.def)             Requested size: 172.5pt x 169.1503pt.
 [42 <./Figure 16.png>] [43] [44] [45] [46]
Overfull \hbox (54.88885pt too wide) in paragraph at lines 1379--1381
[][][][][][][][][][][][][][][][][][][][][] 
 []

[47] [48] (./nea.aux) ) 
Here is how much of TeX's memory you used:
 6357 strings out of 476025
 96423 string characters out of 5790017
 1943388 words of memory out of 5000000
 26753 multiletter control sequences out of 15000+600000
 517679 words of font info for 51 fonts, out of 8000000 for 9000
 1141 hyphenation exceptions out of 8191
 57i,7n,63p,1086b,1692s stack positions out of 10000i,1000n,20000p,200000b,200000s
</usr/local/texlive/2023/texmf-dist/fonts/type1/public/amsfonts/cm/cmbx10.pfb></usr/local/texlive/2023/texmf-dist/fonts/type1/public/amsfonts/cm/cmbx12.pfb></usr/local/texlive/2023/texmf-dist/fonts/type1/public/amsfonts/cm/cmitt10.pfb></usr/local/texlive/2023/texmf-dist/fonts/type1/public/amsfonts/cm/cmr10.pfb></usr/local/texlive/2023/texmf-dist/fonts/type1/public/amsfonts/cm/cmr12.pfb></usr/local/texlive/2023/texmf-dist/fonts/type1/public/amsfonts/cm/cmr17.pfb></usr/local/texlive/2023/texmf-dist/fonts/type1/public/amsfonts/cm/cmr5.pfb></usr/local/texlive/2023/texmf-dist/fonts/type1/public/amsfonts/cm/cmtt10.pfb></usr/local/texlive/2023/texmf-dist/fonts/type1/public/amsfonts/cm/cmtt9.pfb></usr/local/texlive/2023/texmf-dist/fonts/type1/public/cm-super/sfrm1000.pfb>
Output written on nea.pdf (48 pages, 2881398 bytes).
PDF statistics:
 241 PDF objects out of 1000 (max. 8388607)
 140 compressed objects within 2 object streams
 0 named destinations out of 1000 (max. 500000)
 81 words of extra memory for PDF output out of 10000 (max. 10000000)

